Performing C SOURCE FILE Test _GLFW_HAS_DEP failed with the following output:
Change Dir: C:/Programming/Programs/App/bin/CMakeFiles/CMakeTmp

Run Build Command:"C:/Programming/mingw-w64/x86_64-5.1.0-posix-seh-rt_v4-rev0/mingw64/bin/mingw32-make.exe" "cmTryCompileExec4203647896/fast"
mingw32-make.exe[1]: Entering directory 'C:/Programming/Programs/App/bin/CMakeFiles/CMakeTmp'
C:/Programming/mingw-w64/x86_64-5.1.0-posix-seh-rt_v4-rev0/mingw64/bin/mingw32-make.exe -f CMakeFiles\cmTryCompileExec4203647896.dir\build.make CMakeFiles/cmTryCompileExec4203647896.dir/build
mingw32-make.exe[2]: Entering directory 'C:/Programming/Programs/App/bin/CMakeFiles/CMakeTmp'
"C:\Program Files (x86)\CMake\bin\cmake.exe" -E cmake_progress_report C:\Programming\Programs\App\bin\CMakeFiles\CMakeTmp\CMakeFiles 1
Building C object CMakeFiles/cmTryCompileExec4203647896.dir/src.c.obj
C:\Programming\mingw-w64\x86_64-5.1.0-posix-seh-rt_v4-rev0\mingw64\bin\gcc.exe   -D_GLFW_HAS_DEP -Wl,--nxcompat   -o CMakeFiles\cmTryCompileExec4203647896.dir\src.c.obj   -c C:\Programming\Programs\App\bin\CMakeFiles\CMakeTmp\src.c
Linking C executable cmTryCompileExec4203647896.exe
"C:\Program Files (x86)\CMake\bin\cmake.exe" -E cmake_link_script CMakeFiles\cmTryCompileExec4203647896.dir\link.txt --verbose=1
"C:\Program Files (x86)\CMake\bin\cmake.exe" -E remove -f CMakeFiles\cmTryCompileExec4203647896.dir/objects.a
C:\Programming\mingw-w64\x86_64-5.1.0-posix-seh-rt_v4-rev0\mingw64\bin\ar.exe cr CMakeFiles\cmTryCompileExec4203647896.dir/objects.a @CMakeFiles\cmTryCompileExec4203647896.dir\objects1.rsp
C:\Programming\mingw-w64\x86_64-5.1.0-posix-seh-rt_v4-rev0\mingw64\bin\ar.exe: unable to rename 'CMakeFiles\cmTryCompileExec4203647896.dir/objects.a'; reason: File exists
CMakeFiles\cmTryCompileExec4203647896.dir\build.make:89: recipe for target 'cmTryCompileExec4203647896.exe' failed
mingw32-make.exe[2]: *** [cmTryCompileExec4203647896.exe] Error 1
mingw32-make.exe[2]: Leaving directory 'C:/Programming/Programs/App/bin/CMakeFiles/CMakeTmp'
makefile:116: recipe for target 'cmTryCompileExec4203647896/fast' failed
mingw32-make.exe[1]: *** [cmTryCompileExec4203647896/fast] Error 2
mingw32-make.exe[1]: Leaving directory 'C:/Programming/Programs/App/bin/CMakeFiles/CMakeTmp'

Source file was:
int main(void) { return 0; }
